# JRE version: OpenJDK Runtime Environment (8.0_202-b03) (build 1.8.0_202-release-1483-b03)
# Java VM: OpenJDK 64-Bit Server VM (25.202-b03 mixed mode windows-amd64 compressed oops)
Heap:
 PSYoungGen      total 84480K, used 18848K [0x00000000d5d00000, 0x00000000dd900000, 0x0000000100000000)
  eden space 69120K, 27% used [0x00000000d5d00000,0x00000000d6f683a0,0x00000000da080000)
  from space 15360K, 0% used [0x00000000daf00000,0x00000000daf00000,0x00000000dbe00000)
  to   space 14848K, 0% used [0x00000000da080000,0x00000000da080000,0x00000000daf00000)
 ParOldGen       total 114688K, used 17554K [0x0000000081600000, 0x0000000088600000, 0x00000000d5d00000)
  object space 114688K, 15% used [0x0000000081600000,0x0000000082724878,0x0000000088600000)
 Metaspace       used 37899K, capacity 38562K, committed 38912K, reserved 1083392K
  class space    used 4889K, capacity 5075K, committed 5120K, reserved 1048576K
GC Heap History (10 events):
Event: 2.311 GC heap before
{Heap before GC invocations=4 (full 1):
 PSYoungGen      total 38400K, used 5112K [0x00000000d5d00000, 0x00000000da800000, 0x0000000100000000)
  eden space 33280K, 0% used [0x00000000d5d00000,0x00000000d5d00000,0x00000000d7d80000)
  from space 5120K, 99% used [0x00000000d7d80000,0x00000000d827e348,0x00000000d8280000)
  to   space 5120K, 0% used [0x00000000da300000,0x00000000da300000,0x00000000da800000)
 ParOldGen       total 87552K, used 11315K [0x0000000081600000, 0x0000000086b80000, 0x00000000d5d00000)
  object space 87552K, 12% used [0x0000000081600000,0x000000008210cc90,0x0000000086b80000)
 Metaspace       used 20793K, capacity 21172K, committed 21296K, reserved 1067008K
  class space    used 2721K, capacity 2872K, committed 2944K, reserved 1048576K
Event: 2.365 GC heap after
Heap after GC invocations=4 (full 1):
 PSYoungGen      total 38400K, used 0K [0x00000000d5d00000, 0x00000000da800000, 0x0000000100000000)
  eden space 33280K, 0% used [0x00000000d5d00000,0x00000000d5d00000,0x00000000d7d80000)
  from space 5120K, 0% used [0x00000000d7d80000,0x00000000d7d80000,0x00000000d8280000)
  to   space 5120K, 0% used [0x00000000da300000,0x00000000da300000,0x00000000da800000)
 ParOldGen       total 67072K, used 8603K [0x0000000081600000, 0x0000000085780000, 0x00000000d5d00000)
  object space 67072K, 12% used [0x0000000081600000,0x0000000081e66ce0,0x0000000085780000)
 Metaspace       used 20793K, capacity 21172K, committed 21296K, reserved 1067008K
  class space    used 2721K, capacity 2872K, committed 2944K, reserved 1048576K
}
Event: 3.220 GC heap before
{Heap before GC invocations=5 (full 1):
 PSYoungGen      total 38400K, used 33280K [0x00000000d5d00000, 0x00000000da800000, 0x0000000100000000)
  eden space 33280K, 100% used [0x00000000d5d00000,0x00000000d7d80000,0x00000000d7d80000)
  from space 5120K, 0% used [0x00000000d7d80000,0x00000000d7d80000,0x00000000d8280000)
  to   space 5120K, 0% used [0x00000000da300000,0x00000000da300000,0x00000000da800000)
 ParOldGen       total 67072K, used 8603K [0x0000000081600000, 0x0000000085780000, 0x00000000d5d00000)
  object space 67072K, 12% used [0x0000000081600000,0x0000000081e66ce0,0x0000000085780000)
 Metaspace       used 24917K, capacity 25410K, committed 25728K, reserved 1071104K
  class space    used 3273K, capacity 3414K, committed 3456K, reserved 1048576K
Event: 3.239 GC heap after
Heap after GC invocations=5 (full 1):
 PSYoungGen      total 52736K, used 5116K [0x00000000d5d00000, 0x00000000da800000, 0x0000000100000000)
  eden space 47616K, 0% used [0x00000000d5d00000,0x00000000d5d00000,0x00000000d8b80000)
  from space 5120K, 99% used [0x00000000da300000,0x00000000da7ff3e8,0x00000000da800000)
  to   space 5120K, 0% used [0x00000000d9e00000,0x00000000d9e00000,0x00000000da300000)
 ParOldGen       total 67072K, used 10896K [0x0000000081600000, 0x0000000085780000, 0x00000000d5d00000)
  object space 67072K, 16% used [0x0000000081600000,0x00000000820a4258,0x0000000085780000)
 Metaspace       used 24917K, capacity 25410K, committed 25728K, reserved 1071104K
  class space    used 3273K, capacity 3414K, committed 3456K, reserved 1048576K
}
Event: 4.291 GC heap before
{Heap before GC invocations=6 (full 1):
 PSYoungGen      total 52736K, used 52732K [0x00000000d5d00000, 0x00000000da800000, 0x0000000100000000)
  eden space 47616K, 100% used [0x00000000d5d00000,0x00000000d8b80000,0x00000000d8b80000)
  from space 5120K, 99% used [0x00000000da300000,0x00000000da7ff3e8,0x00000000da800000)
  to   space 5120K, 0% used [0x00000000d9e00000,0x00000000d9e00000,0x00000000da300000)
 ParOldGen       total 67072K, used 10896K [0x0000000081600000, 0x0000000085780000, 0x00000000d5d00000)
  object space 67072K, 16% used [0x0000000081600000,0x00000000820a4258,0x0000000085780000)
 Metaspace       used 31973K, capacity 32520K, committed 32768K, reserved 1077248K
  class space    used 4102K, capacity 4254K, committed 4352K, reserved 1048576K
Event: 4.313 GC heap after
Heap after GC invocations=6 (full 1):
 PSYoungGen      total 71680K, used 5090K [0x00000000d5d00000, 0x00000000dbe00000, 0x0000000100000000)
  eden space 66560K, 0% used [0x00000000d5d00000,0x00000000d5d00000,0x00000000d9e00000)
  from space 5120K, 99% used [0x00000000d9e00000,0x00000000da2f8918,0x00000000da300000)
  to   space 15360K, 0% used [0x00000000daf00000,0x00000000daf00000,0x00000000dbe00000)
 ParOldGen       total 67072K, used 21813K [0x0000000081600000, 0x0000000085780000, 0x00000000d5d00000)
  object space 67072K, 32% used [0x0000000081600000,0x0000000082b4d570,0x0000000085780000)
 Metaspace       used 31973K, capacity 32520K, committed 32768K, reserved 1077248K
  class space    used 4102K, capacity 4254K, committed 4352K, reserved 1048576K
}
Event: 4.999 GC heap before
{Heap before GC invocations=7 (full 1):
 PSYoungGen      total 71680K, used 20432K [0x00000000d5d00000, 0x00000000dbe00000, 0x0000000100000000)
  eden space 66560K, 23% used [0x00000000d5d00000,0x00000000d6bfb8f8,0x00000000d9e00000)
  from space 5120K, 99% used [0x00000000d9e00000,0x00000000da2f8918,0x00000000da300000)
  to   space 15360K, 0% used [0x00000000daf00000,0x00000000daf00000,0x00000000dbe00000)
 ParOldGen       total 67072K, used 21813K [0x0000000081600000, 0x0000000085780000, 0x00000000d5d00000)
  object space 67072K, 32% used [0x0000000081600000,0x0000000082b4d570,0x0000000085780000)
 Metaspace       used 34759K, capacity 35280K, committed 35496K, reserved 1081344K
  class space    used 4425K, capacity 4590K, committed 4608K, reserved 1048576K
Event: 5.017 GC heap after
Heap after GC invocations=7 (full 1):
 PSYoungGen      total 84480K, used 8840K [0x00000000d5d00000, 0x00000000dd900000, 0x0000000100000000)
  eden space 69120K, 0% used [0x00000000d5d00000,0x00000000d5d00000,0x00000000da080000)
  from space 15360K, 57% used [0x00000000daf00000,0x00000000db7a20f0,0x00000000dbe00000)
  to   space 14848K, 0% used [0x00000000da080000,0x00000000da080000,0x00000000daf00000)
 ParOldGen       total 67072K, used 21821K [0x0000000081600000, 0x0000000085780000, 0x00000000d5d00000)
  object space 67072K, 32% used [0x0000000081600000,0x0000000082b4f570,0x0000000085780000)
 Metaspace       used 34759K, capacity 35280K, committed 35496K, reserved 1081344K
  class space    used 4425K, capacity 4590K, committed 4608K, reserved 1048576K
}
Event: 5.017 GC heap before
{Heap before GC invocations=8 (full 2):
 PSYoungGen      total 84480K, used 8840K [0x00000000d5d00000, 0x00000000dd900000, 0x0000000100000000)
  eden space 69120K, 0% used [0x00000000d5d00000,0x00000000d5d00000,0x00000000da080000)
  from space 15360K, 57% used [0x00000000daf00000,0x00000000db7a20f0,0x00000000dbe00000)
  to   space 14848K, 0% used [0x00000000da080000,0x00000000da080000,0x00000000daf00000)
 ParOldGen       total 67072K, used 21821K [0x0000000081600000, 0x0000000085780000, 0x00000000d5d00000)
  object space 67072K, 32% used [0x0000000081600000,0x0000000082b4f570,0x0000000085780000)
 Metaspace       used 34759K, capacity 35280K, committed 35496K, reserved 1081344K
  class space    used 4425K, capacity 4590K, committed 4608K, reserved 1048576K
Event: 5.134 GC heap after
Heap after GC invocations=8 (full 2):
 PSYoungGen      total 84480K, used 0K [0x00000000d5d00000, 0x00000000dd900000, 0x0000000100000000)
  eden space 69120K, 0% used [0x00000000d5d00000,0x00000000d5d00000,0x00000000da080000)
  from space 15360K, 0% used [0x00000000daf00000,0x00000000daf00000,0x00000000dbe00000)
  to   space 14848K, 0% used [0x00000000da080000,0x00000000da080000,0x00000000daf00000)
 ParOldGen       total 114688K, used 17554K [0x0000000081600000, 0x0000000088600000, 0x00000000d5d00000)
  object space 114688K, 15% used [0x0000000081600000,0x0000000082724878,0x0000000088600000)
 Metaspace       used 34759K, capacity 35280K, committed 35496K, reserved 1081344K
  class space    used 4425K, capacity 4590K, committed 4608K, reserved 1048576K
}

