# JRE version: OpenJDK Runtime Environment (8.0_202-b03) (build 1.8.0_202-release-1483-b03)
# Java VM: OpenJDK 64-Bit Server VM (25.202-b03 mixed mode windows-amd64 compressed oops)
Heap:
 PSYoungGen      total 252416K, used 38682K [0x00000000e0000000, 0x00000000f1680000, 0x0000000100000000)
  eden space 224768K, 8% used [0x00000000e0000000,0x00000000e1262578,0x00000000edb80000)
  from space 27648K, 71% used [0x00000000efb80000,0x00000000f0ee43c8,0x00000000f1680000)
  to   space 30208K, 0% used [0x00000000edb80000,0x00000000edb80000,0x00000000ef900000)
 ParOldGen       total 138240K, used 58016K [0x00000000a0000000, 0x00000000a8700000, 0x00000000e0000000)
  object space 138240K, 41% used [0x00000000a0000000,0x00000000a38a83b8,0x00000000a8700000)
 Metaspace       used 80832K, capacity 83527K, committed 83672K, reserved 1122304K
  class space    used 10344K, capacity 10925K, committed 11008K, reserved 1048576K
GC Heap History (10 events):
Event: 27.752 GC heap before
{Heap before GC invocations=17 (full 3):
 PSYoungGen      total 179200K, used 174869K [0x00000000e0000000, 0x00000000ee200000, 0x0000000100000000)
  eden space 160256K, 100% used [0x00000000e0000000,0x00000000e9c80000,0x00000000e9c80000)
  from space 18944K, 77% used [0x00000000e9c80000,0x00000000eaac55a8,0x00000000eaf00000)
  to   space 19968K, 0% used [0x00000000ece80000,0x00000000ece80000,0x00000000ee200000)
 ParOldGen       total 138240K, used 30488K [0x00000000a0000000, 0x00000000a8700000, 0x00000000e0000000)
  object space 138240K, 22% used [0x00000000a0000000,0x00000000a1dc62a8,0x00000000a8700000)
 Metaspace       used 66855K, capacity 69081K, committed 69336K, reserved 1110016K
  class space    used 8943K, capacity 9452K, committed 9472K, reserved 1048576K
Event: 27.784 GC heap after
Heap after GC invocations=17 (full 3):
 PSYoungGen      total 207872K, used 19961K [0x00000000e0000000, 0x00000000ee580000, 0x0000000100000000)
  eden space 187904K, 0% used [0x00000000e0000000,0x00000000e0000000,0x00000000eb780000)
  from space 19968K, 99% used [0x00000000ece80000,0x00000000ee1fe780,0x00000000ee200000)
  to   space 23552K, 0% used [0x00000000eb780000,0x00000000eb780000,0x00000000ece80000)
 ParOldGen       total 138240K, used 31976K [0x00000000a0000000, 0x00000000a8700000, 0x00000000e0000000)
  object space 138240K, 23% used [0x00000000a0000000,0x00000000a1f3a258,0x00000000a8700000)
 Metaspace       used 66855K, capacity 69081K, committed 69336K, reserved 1110016K
  class space    used 8943K, capacity 9452K, committed 9472K, reserved 1048576K
}
Event: 171.521 GC heap before
{Heap before GC invocations=18 (full 3):
 PSYoungGen      total 207872K, used 207865K [0x00000000e0000000, 0x00000000ee580000, 0x0000000100000000)
  eden space 187904K, 100% used [0x00000000e0000000,0x00000000eb780000,0x00000000eb780000)
  from space 19968K, 99% used [0x00000000ece80000,0x00000000ee1fe780,0x00000000ee200000)
  to   space 23552K, 0% used [0x00000000eb780000,0x00000000eb780000,0x00000000ece80000)
 ParOldGen       total 138240K, used 31976K [0x00000000a0000000, 0x00000000a8700000, 0x00000000e0000000)
  object space 138240K, 23% used [0x00000000a0000000,0x00000000a1f3a258,0x00000000a8700000)
 Metaspace       used 72966K, capacity 75279K, committed 75608K, reserved 1114112K
  class space    used 9512K, capacity 10033K, committed 10112K, reserved 1048576K
Event: 171.581 GC heap after
Heap after GC invocations=18 (full 3):
 PSYoungGen      total 211456K, used 17703K [0x00000000e0000000, 0x00000000f0200000, 0x0000000100000000)
  eden space 187904K, 0% used [0x00000000e0000000,0x00000000e0000000,0x00000000eb780000)
  from space 23552K, 75% used [0x00000000eb780000,0x00000000ec8c9dd0,0x00000000ece80000)
  to   space 25088K, 0% used [0x00000000ee980000,0x00000000ee980000,0x00000000f0200000)
 ParOldGen       total 138240K, used 42010K [0x00000000a0000000, 0x00000000a8700000, 0x00000000e0000000)
  object space 138240K, 30% used [0x00000000a0000000,0x00000000a2906878,0x00000000a8700000)
 Metaspace       used 72966K, capacity 75279K, committed 75608K, reserved 1114112K
  class space    used 9512K, capacity 10033K, committed 10112K, reserved 1048576K
}
Event: 175.647 GC heap before
{Heap before GC invocations=19 (full 3):
 PSYoungGen      total 211456K, used 205607K [0x00000000e0000000, 0x00000000f0200000, 0x0000000100000000)
  eden space 187904K, 100% used [0x00000000e0000000,0x00000000eb780000,0x00000000eb780000)
  from space 23552K, 75% used [0x00000000eb780000,0x00000000ec8c9dd0,0x00000000ece80000)
  to   space 25088K, 0% used [0x00000000ee980000,0x00000000ee980000,0x00000000f0200000)
 ParOldGen       total 138240K, used 42010K [0x00000000a0000000, 0x00000000a8700000, 0x00000000e0000000)
  object space 138240K, 30% used [0x00000000a0000000,0x00000000a2906878,0x00000000a8700000)
 Metaspace       used 75315K, capacity 77775K, committed 77912K, reserved 1116160K
  class space    used 9737K, capacity 10263K, committed 10368K, reserved 1048576K
Event: 175.714 GC heap after
Heap after GC invocations=19 (full 3):
 PSYoungGen      total 233984K, used 25066K [0x00000000e0000000, 0x00000000f0e80000, 0x0000000100000000)
  eden space 208896K, 0% used [0x00000000e0000000,0x00000000e0000000,0x00000000ecc00000)
  from space 25088K, 99% used [0x00000000ee980000,0x00000000f01fabe8,0x00000000f0200000)
  to   space 30208K, 0% used [0x00000000ecc00000,0x00000000ecc00000,0x00000000ee980000)
 ParOldGen       total 138240K, used 45424K [0x00000000a0000000, 0x00000000a8700000, 0x00000000e0000000)
  object space 138240K, 32% used [0x00000000a0000000,0x00000000a2c5c2c8,0x00000000a8700000)
 Metaspace       used 75315K, capacity 77775K, committed 77912K, reserved 1116160K
  class space    used 9737K, capacity 10263K, committed 10368K, reserved 1048576K
}
Event: 185.012 GC heap before
{Heap before GC invocations=20 (full 3):
 PSYoungGen      total 233984K, used 233962K [0x00000000e0000000, 0x00000000f0e80000, 0x0000000100000000)
  eden space 208896K, 100% used [0x00000000e0000000,0x00000000ecc00000,0x00000000ecc00000)
  from space 25088K, 99% used [0x00000000ee980000,0x00000000f01fabe8,0x00000000f0200000)
  to   space 30208K, 0% used [0x00000000ecc00000,0x00000000ecc00000,0x00000000ee980000)
 ParOldGen       total 138240K, used 45424K [0x00000000a0000000, 0x00000000a8700000, 0x00000000e0000000)
  object space 138240K, 32% used [0x00000000a0000000,0x00000000a2c5c2c8,0x00000000a8700000)
 Metaspace       used 78920K, capacity 81387K, committed 81624K, reserved 1120256K
  class space    used 10138K, capacity 10673K, committed 10752K, reserved 1048576K
Event: 185.074 GC heap after
Heap after GC invocations=20 (full 3):
 PSYoungGen      total 239104K, used 15335K [0x00000000e0000000, 0x00000000f1800000, 0x0000000100000000)
  eden space 208896K, 0% used [0x00000000e0000000,0x00000000e0000000,0x00000000ecc00000)
  from space 30208K, 50% used [0x00000000ecc00000,0x00000000edaf9d28,0x00000000ee980000)
  to   space 29184K, 0% used [0x00000000efb80000,0x00000000efb80000,0x00000000f1800000)
 ParOldGen       total 138240K, used 58008K [0x00000000a0000000, 0x00000000a8700000, 0x00000000e0000000)
  object space 138240K, 41% used [0x00000000a0000000,0x00000000a38a63b8,0x00000000a8700000)
 Metaspace       used 78920K, capacity 81387K, committed 81624K, reserved 1120256K
  class space    used 10138K, capacity 10673K, committed 10752K, reserved 1048576K
}
Event: 271.586 GC heap before
{Heap before GC invocations=21 (full 3):
 PSYoungGen      total 239104K, used 224231K [0x00000000e0000000, 0x00000000f1800000, 0x0000000100000000)
  eden space 208896K, 100% used [0x00000000e0000000,0x00000000ecc00000,0x00000000ecc00000)
  from space 30208K, 50% used [0x00000000ecc00000,0x00000000edaf9d28,0x00000000ee980000)
  to   space 29184K, 0% used [0x00000000efb80000,0x00000000efb80000,0x00000000f1800000)
 ParOldGen       total 138240K, used 58008K [0x00000000a0000000, 0x00000000a8700000, 0x00000000e0000000)
  object space 138240K, 41% used [0x00000000a0000000,0x00000000a38a63b8,0x00000000a8700000)
 Metaspace       used 80787K, capacity 83463K, committed 83672K, reserved 1122304K
  class space    used 10343K, capacity 10925K, committed 11008K, reserved 1048576K
Event: 271.627 GC heap after
Heap after GC invocations=21 (full 3):
 PSYoungGen      total 252416K, used 19856K [0x00000000e0000000, 0x00000000f1680000, 0x0000000100000000)
  eden space 224768K, 0% used [0x00000000e0000000,0x00000000e0000000,0x00000000edb80000)
  from space 27648K, 71% used [0x00000000efb80000,0x00000000f0ee43c8,0x00000000f1680000)
  to   space 30208K, 0% used [0x00000000edb80000,0x00000000edb80000,0x00000000ef900000)
 ParOldGen       total 138240K, used 58016K [0x00000000a0000000, 0x00000000a8700000, 0x00000000e0000000)
  object space 138240K, 41% used [0x00000000a0000000,0x00000000a38a83b8,0x00000000a8700000)
 Metaspace       used 80787K, capacity 83463K, committed 83672K, reserved 1122304K
  class space    used 10343K, capacity 10925K, committed 11008K, reserved 1048576K
}

