# JRE version: OpenJDK Runtime Environment (8.0_202-b03) (build 1.8.0_202-release-1483-b03)
# Java VM: OpenJDK 64-Bit Server VM (25.202-b03 mixed mode windows-amd64 compressed oops)
Heap:
 PSYoungGen      total 38400K, used 13843K [0x00000000d5d00000, 0x00000000d8780000, 0x0000000100000000)
  eden space 33280K, 26% used [0x00000000d5d00000,0x00000000d65894e0,0x00000000d7d80000)
  from space 5120K, 99% used [0x00000000d8280000,0x00000000d877b8d0,0x00000000d8780000)
  to   space 5120K, 0% used [0x00000000d7d80000,0x00000000d7d80000,0x00000000d8280000)
 ParOldGen       total 67584K, used 10926K [0x0000000081600000, 0x0000000085800000, 0x00000000d5d00000)
  object space 67584K, 16% used [0x0000000081600000,0x00000000820abac8,0x0000000085800000)
 Metaspace       used 26170K, capacity 26692K, committed 26880K, reserved 1073152K
  class space    used 3402K, capacity 3545K, committed 3584K, reserved 1048576K
GC Heap History (10 events):
Event: 1.141 GC heap before
{Heap before GC invocations=1 (full 0):
 PSYoungGen      total 38400K, used 33280K [0x00000000d5d00000, 0x00000000d8780000, 0x0000000100000000)
  eden space 33280K, 100% used [0x00000000d5d00000,0x00000000d7d80000,0x00000000d7d80000)
  from space 5120K, 0% used [0x00000000d8280000,0x00000000d8280000,0x00000000d8780000)
  to   space 5120K, 0% used [0x00000000d7d80000,0x00000000d7d80000,0x00000000d8280000)
 ParOldGen       total 87552K, used 0K [0x0000000081600000, 0x0000000086b80000, 0x00000000d5d00000)
  object space 87552K, 0% used [0x0000000081600000,0x0000000081600000,0x0000000086b80000)
 Metaspace       used 10050K, capacity 10288K, committed 10496K, reserved 1058816K
  class space    used 1109K, capacity 1182K, committed 1280K, reserved 1048576K
Event: 1.151 GC heap after
Heap after GC invocations=1 (full 0):
 PSYoungGen      total 38400K, used 5107K [0x00000000d5d00000, 0x00000000d8780000, 0x0000000100000000)
  eden space 33280K, 0% used [0x00000000d5d00000,0x00000000d5d00000,0x00000000d7d80000)
  from space 5120K, 99% used [0x00000000d7d80000,0x00000000d827ced8,0x00000000d8280000)
  to   space 5120K, 0% used [0x00000000d8280000,0x00000000d8280000,0x00000000d8780000)
 ParOldGen       total 87552K, used 2702K [0x0000000081600000, 0x0000000086b80000, 0x00000000d5d00000)
  object space 87552K, 3% used [0x0000000081600000,0x00000000818a3980,0x0000000086b80000)
 Metaspace       used 10050K, capacity 10288K, committed 10496K, reserved 1058816K
  class space    used 1109K, capacity 1182K, committed 1280K, reserved 1048576K
}
Event: 2.026 GC heap before
{Heap before GC invocations=2 (full 0):
 PSYoungGen      total 38400K, used 38387K [0x00000000d5d00000, 0x00000000d8780000, 0x0000000100000000)
  eden space 33280K, 100% used [0x00000000d5d00000,0x00000000d7d80000,0x00000000d7d80000)
  from space 5120K, 99% used [0x00000000d7d80000,0x00000000d827ced8,0x00000000d8280000)
  to   space 5120K, 0% used [0x00000000d8280000,0x00000000d8280000,0x00000000d8780000)
 ParOldGen       total 87552K, used 2702K [0x0000000081600000, 0x0000000086b80000, 0x00000000d5d00000)
  object space 87552K, 3% used [0x0000000081600000,0x00000000818a3980,0x0000000086b80000)
 Metaspace       used 16162K, capacity 16512K, committed 16640K, reserved 1064960K
  class space    used 1902K, capacity 2026K, committed 2048K, reserved 1048576K
Event: 2.040 GC heap after
Heap after GC invocations=2 (full 0):
 PSYoungGen      total 38400K, used 5090K [0x00000000d5d00000, 0x00000000d8780000, 0x0000000100000000)
  eden space 33280K, 0% used [0x00000000d5d00000,0x00000000d5d00000,0x00000000d7d80000)
  from space 5120K, 99% used [0x00000000d8280000,0x00000000d8778b30,0x00000000d8780000)
  to   space 5120K, 0% used [0x00000000d7d80000,0x00000000d7d80000,0x00000000d8280000)
 ParOldGen       total 87552K, used 7682K [0x0000000081600000, 0x0000000086b80000, 0x00000000d5d00000)
  object space 87552K, 8% used [0x0000000081600000,0x0000000081d80b28,0x0000000086b80000)
 Metaspace       used 16162K, capacity 16512K, committed 16640K, reserved 1064960K
  class space    used 1902K, capacity 2026K, committed 2048K, reserved 1048576K
}
Event: 2.556 GC heap before
{Heap before GC invocations=3 (full 0):
 PSYoungGen      total 38400K, used 21163K [0x00000000d5d00000, 0x00000000d8780000, 0x0000000100000000)
  eden space 33280K, 48% used [0x00000000d5d00000,0x00000000d6cb2430,0x00000000d7d80000)
  from space 5120K, 99% used [0x00000000d8280000,0x00000000d8778b30,0x00000000d8780000)
  to   space 5120K, 0% used [0x00000000d7d80000,0x00000000d7d80000,0x00000000d8280000)
 ParOldGen       total 87552K, used 7682K [0x0000000081600000, 0x0000000086b80000, 0x00000000d5d00000)
  object space 87552K, 8% used [0x0000000081600000,0x0000000081d80b28,0x0000000086b80000)
 Metaspace       used 20784K, capacity 21156K, committed 21296K, reserved 1067008K
  class space    used 2720K, capacity 2872K, committed 2944K, reserved 1048576K
Event: 2.567 GC heap after
Heap after GC invocations=3 (full 0):
 PSYoungGen      total 38400K, used 5094K [0x00000000d5d00000, 0x00000000d8780000, 0x0000000100000000)
  eden space 33280K, 0% used [0x00000000d5d00000,0x00000000d5d00000,0x00000000d7d80000)
  from space 5120K, 99% used [0x00000000d7d80000,0x00000000d8279b80,0x00000000d8280000)
  to   space 5120K, 0% used [0x00000000d8280000,0x00000000d8280000,0x00000000d8780000)
 ParOldGen       total 87552K, used 11305K [0x0000000081600000, 0x0000000086b80000, 0x00000000d5d00000)
  object space 87552K, 12% used [0x0000000081600000,0x000000008210a7f8,0x0000000086b80000)
 Metaspace       used 20784K, capacity 21156K, committed 21296K, reserved 1067008K
  class space    used 2720K, capacity 2872K, committed 2944K, reserved 1048576K
}
Event: 2.567 GC heap before
{Heap before GC invocations=4 (full 1):
 PSYoungGen      total 38400K, used 5094K [0x00000000d5d00000, 0x00000000d8780000, 0x0000000100000000)
  eden space 33280K, 0% used [0x00000000d5d00000,0x00000000d5d00000,0x00000000d7d80000)
  from space 5120K, 99% used [0x00000000d7d80000,0x00000000d8279b80,0x00000000d8280000)
  to   space 5120K, 0% used [0x00000000d8280000,0x00000000d8280000,0x00000000d8780000)
 ParOldGen       total 87552K, used 11305K [0x0000000081600000, 0x0000000086b80000, 0x00000000d5d00000)
  object space 87552K, 12% used [0x0000000081600000,0x000000008210a7f8,0x0000000086b80000)
 Metaspace       used 20784K, capacity 21156K, committed 21296K, reserved 1067008K
  class space    used 2720K, capacity 2872K, committed 2944K, reserved 1048576K
Event: 2.626 GC heap after
Heap after GC invocations=4 (full 1):
 PSYoungGen      total 38400K, used 0K [0x00000000d5d00000, 0x00000000d8780000, 0x0000000100000000)
  eden space 33280K, 0% used [0x00000000d5d00000,0x00000000d5d00000,0x00000000d7d80000)
  from space 5120K, 0% used [0x00000000d7d80000,0x00000000d7d80000,0x00000000d8280000)
  to   space 5120K, 0% used [0x00000000d8280000,0x00000000d8280000,0x00000000d8780000)
 ParOldGen       total 67584K, used 8585K [0x0000000081600000, 0x0000000085800000, 0x00000000d5d00000)
  object space 67584K, 12% used [0x0000000081600000,0x0000000081e625f0,0x0000000085800000)
 Metaspace       used 20784K, capacity 21156K, committed 21296K, reserved 1067008K
  class space    used 2720K, capacity 2872K, committed 2944K, reserved 1048576K
}
Event: 3.538 GC heap before
{Heap before GC invocations=5 (full 1):
 PSYoungGen      total 38400K, used 33280K [0x00000000d5d00000, 0x00000000d8780000, 0x0000000100000000)
  eden space 33280K, 100% used [0x00000000d5d00000,0x00000000d7d80000,0x00000000d7d80000)
  from space 5120K, 0% used [0x00000000d7d80000,0x00000000d7d80000,0x00000000d8280000)
  to   space 5120K, 0% used [0x00000000d8280000,0x00000000d8280000,0x00000000d8780000)
 ParOldGen       total 67584K, used 8585K [0x0000000081600000, 0x0000000085800000, 0x00000000d5d00000)
  object space 67584K, 12% used [0x0000000081600000,0x0000000081e625f0,0x0000000085800000)
 Metaspace       used 24925K, capacity 25458K, committed 25728K, reserved 1071104K
  class space    used 3274K, capacity 3414K, committed 3456K, reserved 1048576K
Event: 3.552 GC heap after
Heap after GC invocations=5 (full 1):
 PSYoungGen      total 38400K, used 5102K [0x00000000d5d00000, 0x00000000d8780000, 0x0000000100000000)
  eden space 33280K, 0% used [0x00000000d5d00000,0x00000000d5d00000,0x00000000d7d80000)
  from space 5120K, 99% used [0x00000000d8280000,0x00000000d877b8d0,0x00000000d8780000)
  to   space 5120K, 0% used [0x00000000d7d80000,0x00000000d7d80000,0x00000000d8280000)
 ParOldGen       total 67584K, used 10926K [0x0000000081600000, 0x0000000085800000, 0x00000000d5d00000)
  object space 67584K, 16% used [0x0000000081600000,0x00000000820abac8,0x0000000085800000)
 Metaspace       used 24925K, capacity 25458K, committed 25728K, reserved 1071104K
  class space    used 3274K, capacity 3414K, committed 3456K, reserved 1048576K
}

