# JRE version: OpenJDK Runtime Environment (8.0_202-b03) (build 1.8.0_202-release-1483-b03)
# Java VM: OpenJDK 64-Bit Server VM (25.202-b03 mixed mode windows-amd64 compressed oops)
Heap:
 PSYoungGen      total 85504K, used 31424K [0x00000000d5d00000, 0x00000000ddb00000, 0x0000000100000000)
  eden space 66048K, 18% used [0x00000000d5d00000,0x00000000d68b26a0,0x00000000d9d80000)
  from space 19456K, 99% used [0x00000000dc800000,0x00000000ddafdc78,0x00000000ddb00000)
  to   space 15872K, 0% used [0x00000000d9d80000,0x00000000d9d80000,0x00000000dad00000)
 ParOldGen       total 109568K, used 32405K [0x0000000081600000, 0x0000000088100000, 0x00000000d5d00000)
  object space 109568K, 29% used [0x0000000081600000,0x00000000835a57f0,0x0000000088100000)
 Metaspace       used 44360K, capacity 44916K, committed 45184K, reserved 1089536K
  class space    used 5539K, capacity 5703K, committed 5760K, reserved 1048576K
GC Heap History (10 events):
Event: 5.223 GC heap before
{Heap before GC invocations=6 (full 1):
 PSYoungGen      total 51712K, used 51700K [0x00000000d5d00000, 0x00000000da800000, 0x0000000100000000)
  eden space 46592K, 100% used [0x00000000d5d00000,0x00000000d8a80000,0x00000000d8a80000)
  from space 5120K, 99% used [0x00000000da300000,0x00000000da7fd1b8,0x00000000da800000)
  to   space 5120K, 0% used [0x00000000d9e00000,0x00000000d9e00000,0x00000000da300000)
 ParOldGen       total 66560K, used 10915K [0x0000000081600000, 0x0000000085700000, 0x00000000d5d00000)
  object space 66560K, 16% used [0x0000000081600000,0x00000000820a8fe0,0x0000000085700000)
 Metaspace       used 32185K, capacity 32754K, committed 33024K, reserved 1077248K
  class space    used 4122K, capacity 4293K, committed 4352K, reserved 1048576K
Event: 5.249 GC heap after
Heap after GC invocations=6 (full 1):
 PSYoungGen      total 71168K, used 5090K [0x00000000d5d00000, 0x00000000dbc80000, 0x0000000100000000)
  eden space 66048K, 0% used [0x00000000d5d00000,0x00000000d5d00000,0x00000000d9d80000)
  from space 5120K, 99% used [0x00000000d9e00000,0x00000000da2f8918,0x00000000da300000)
  to   space 15872K, 0% used [0x00000000dad00000,0x00000000dad00000,0x00000000dbc80000)
 ParOldGen       total 66560K, used 22288K [0x0000000081600000, 0x0000000085700000, 0x00000000d5d00000)
  object space 66560K, 33% used [0x0000000081600000,0x0000000082bc4290,0x0000000085700000)
 Metaspace       used 32185K, capacity 32754K, committed 33024K, reserved 1077248K
  class space    used 4122K, capacity 4293K, committed 4352K, reserved 1048576K
}
Event: 5.550 GC heap before
{Heap before GC invocations=7 (full 1):
 PSYoungGen      total 71168K, used 14292K [0x00000000d5d00000, 0x00000000dbc80000, 0x0000000100000000)
  eden space 66048K, 13% used [0x00000000d5d00000,0x00000000d65fcaa0,0x00000000d9d80000)
  from space 5120K, 99% used [0x00000000d9e00000,0x00000000da2f8918,0x00000000da300000)
  to   space 15872K, 0% used [0x00000000dad00000,0x00000000dad00000,0x00000000dbc80000)
 ParOldGen       total 66560K, used 22288K [0x0000000081600000, 0x0000000085700000, 0x00000000d5d00000)
  object space 66560K, 33% used [0x0000000081600000,0x0000000082bc4290,0x0000000085700000)
 Metaspace       used 34715K, capacity 35250K, committed 35456K, reserved 1079296K
  class space    used 4484K, capacity 4677K, committed 4736K, reserved 1048576K
Event: 5.564 GC heap after
Heap after GC invocations=7 (full 1):
 PSYoungGen      total 81920K, used 5979K [0x00000000d5d00000, 0x00000000ddd00000, 0x0000000100000000)
  eden space 66048K, 0% used [0x00000000d5d00000,0x00000000d5d00000,0x00000000d9d80000)
  from space 15872K, 37% used [0x00000000dad00000,0x00000000db2d6e60,0x00000000dbc80000)
  to   space 15872K, 0% used [0x00000000d9d80000,0x00000000d9d80000,0x00000000dad00000)
 ParOldGen       total 66560K, used 22288K [0x0000000081600000, 0x0000000085700000, 0x00000000d5d00000)
  object space 66560K, 33% used [0x0000000081600000,0x0000000082bc4290,0x0000000085700000)
 Metaspace       used 34715K, capacity 35250K, committed 35456K, reserved 1079296K
  class space    used 4484K, capacity 4677K, committed 4736K, reserved 1048576K
}
Event: 5.564 GC heap before
{Heap before GC invocations=8 (full 2):
 PSYoungGen      total 81920K, used 5979K [0x00000000d5d00000, 0x00000000ddd00000, 0x0000000100000000)
  eden space 66048K, 0% used [0x00000000d5d00000,0x00000000d5d00000,0x00000000d9d80000)
  from space 15872K, 37% used [0x00000000dad00000,0x00000000db2d6e60,0x00000000dbc80000)
  to   space 15872K, 0% used [0x00000000d9d80000,0x00000000d9d80000,0x00000000dad00000)
 ParOldGen       total 66560K, used 22288K [0x0000000081600000, 0x0000000085700000, 0x00000000d5d00000)
  object space 66560K, 33% used [0x0000000081600000,0x0000000082bc4290,0x0000000085700000)
 Metaspace       used 34715K, capacity 35250K, committed 35456K, reserved 1079296K
  class space    used 4484K, capacity 4677K, committed 4736K, reserved 1048576K
Event: 5.701 GC heap after
Heap after GC invocations=8 (full 2):
 PSYoungGen      total 81920K, used 0K [0x00000000d5d00000, 0x00000000ddd00000, 0x0000000100000000)
  eden space 66048K, 0% used [0x00000000d5d00000,0x00000000d5d00000,0x00000000d9d80000)
  from space 15872K, 0% used [0x00000000dad00000,0x00000000dad00000,0x00000000dbc80000)
  to   space 15872K, 0% used [0x00000000d9d80000,0x00000000d9d80000,0x00000000dad00000)
 ParOldGen       total 109568K, used 15012K [0x0000000081600000, 0x0000000088100000, 0x00000000d5d00000)
  object space 109568K, 13% used [0x0000000081600000,0x00000000824a92d0,0x0000000088100000)
 Metaspace       used 34715K, capacity 35250K, committed 35456K, reserved 1079296K
  class space    used 4484K, capacity 4677K, committed 4736K, reserved 1048576K
}
Event: 7.383 GC heap before
{Heap before GC invocations=9 (full 2):
 PSYoungGen      total 81920K, used 66048K [0x00000000d5d00000, 0x00000000ddd00000, 0x0000000100000000)
  eden space 66048K, 100% used [0x00000000d5d00000,0x00000000d9d80000,0x00000000d9d80000)
  from space 15872K, 0% used [0x00000000dad00000,0x00000000dad00000,0x00000000dbc80000)
  to   space 15872K, 0% used [0x00000000d9d80000,0x00000000d9d80000,0x00000000dad00000)
 ParOldGen       total 109568K, used 15012K [0x0000000081600000, 0x0000000088100000, 0x00000000d5d00000)
  object space 109568K, 13% used [0x0000000081600000,0x00000000824a92d0,0x0000000088100000)
 Metaspace       used 36600K, capacity 37170K, committed 37376K, reserved 1081344K
  class space    used 4646K, capacity 4805K, committed 4864K, reserved 1048576K
Event: 7.405 GC heap after
Heap after GC invocations=9 (full 2):
 PSYoungGen      total 81920K, used 15857K [0x00000000d5d00000, 0x00000000ddb00000, 0x0000000100000000)
  eden space 66048K, 0% used [0x00000000d5d00000,0x00000000d5d00000,0x00000000d9d80000)
  from space 15872K, 99% used [0x00000000d9d80000,0x00000000dacfc470,0x00000000dad00000)
  to   space 19456K, 0% used [0x00000000dc800000,0x00000000dc800000,0x00000000ddb00000)
 ParOldGen       total 109568K, used 17312K [0x0000000081600000, 0x0000000088100000, 0x00000000d5d00000)
  object space 109568K, 15% used [0x0000000081600000,0x00000000826e80e0,0x0000000088100000)
 Metaspace       used 36600K, capacity 37170K, committed 37376K, reserved 1081344K
  class space    used 4646K, capacity 4805K, committed 4864K, reserved 1048576K
}
Event: 9.684 GC heap before
{Heap before GC invocations=10 (full 2):
 PSYoungGen      total 81920K, used 81905K [0x00000000d5d00000, 0x00000000ddb00000, 0x0000000100000000)
  eden space 66048K, 100% used [0x00000000d5d00000,0x00000000d9d80000,0x00000000d9d80000)
  from space 15872K, 99% used [0x00000000d9d80000,0x00000000dacfc470,0x00000000dad00000)
  to   space 19456K, 0% used [0x00000000dc800000,0x00000000dc800000,0x00000000ddb00000)
 ParOldGen       total 109568K, used 17312K [0x0000000081600000, 0x0000000088100000, 0x00000000d5d00000)
  object space 109568K, 15% used [0x0000000081600000,0x00000000826e80e0,0x0000000088100000)
 Metaspace       used 43105K, capacity 43700K, committed 44032K, reserved 1087488K
  class space    used 5414K, capacity 5575K, committed 5632K, reserved 1048576K
Event: 9.741 GC heap after
Heap after GC invocations=10 (full 2):
 PSYoungGen      total 85504K, used 19447K [0x00000000d5d00000, 0x00000000ddb00000, 0x0000000100000000)
  eden space 66048K, 0% used [0x00000000d5d00000,0x00000000d5d00000,0x00000000d9d80000)
  from space 19456K, 99% used [0x00000000dc800000,0x00000000ddafdc78,0x00000000ddb00000)
  to   space 15872K, 0% used [0x00000000d9d80000,0x00000000d9d80000,0x00000000dad00000)
 ParOldGen       total 109568K, used 32405K [0x0000000081600000, 0x0000000088100000, 0x00000000d5d00000)
  object space 109568K, 29% used [0x0000000081600000,0x00000000835a57f0,0x0000000088100000)
 Metaspace       used 43105K, capacity 43700K, committed 44032K, reserved 1087488K
  class space    used 5414K, capacity 5575K, committed 5632K, reserved 1048576K
}

