# JRE version: OpenJDK Runtime Environment (8.0_202-b03) (build 1.8.0_202-release-1483-b03)
# Java VM: OpenJDK 64-Bit Server VM (25.202-b03 mixed mode windows-amd64 compressed oops)
Heap:
 PSYoungGen      total 259584K, used 245424K [0x00000000e0000000, 0x00000000f3280000, 0x0000000100000000)
  eden space 235008K, 94% used [0x00000000e0000000,0x00000000ed92a3d8,0x00000000ee580000)
  from space 24576K, 93% used [0x00000000ee580000,0x00000000efc01f38,0x00000000efd80000)
  to   space 27648K, 0% used [0x00000000f1780000,0x00000000f1780000,0x00000000f3280000)
 ParOldGen       total 116736K, used 66659K [0x00000000a0000000, 0x00000000a7200000, 0x00000000e0000000)
  object space 116736K, 57% used [0x00000000a0000000,0x00000000a4118ea8,0x00000000a7200000)
 Metaspace       used 79943K, capacity 82426K, committed 82520K, reserved 1120256K
  class space    used 10232K, capacity 10790K, committed 10880K, reserved 1048576K
GC Heap History (10 events):
Event: 37.247 GC heap before
{Heap before GC invocations=14 (full 3):
 PSYoungGen      total 193024K, used 14810K [0x00000000e0000000, 0x00000000f0b00000, 0x0000000100000000)
  eden space 178176K, 0% used [0x00000000e0000000,0x00000000e0000000,0x00000000eae00000)
  from space 14848K, 99% used [0x00000000eae00000,0x00000000ebc76958,0x00000000ebc80000)
  to   space 16896K, 0% used [0x00000000efa80000,0x00000000efa80000,0x00000000f0b00000)
 ParOldGen       total 73216K, used 29774K [0x00000000a0000000, 0x00000000a4780000, 0x00000000e0000000)
  object space 73216K, 40% used [0x00000000a0000000,0x00000000a1d13870,0x00000000a4780000)
 Metaspace       used 57465K, capacity 59070K, committed 59096K, reserved 1099776K
  class space    used 7768K, capacity 8170K, committed 8192K, reserved 1048576K
Event: 37.794 GC heap after
Heap after GC invocations=14 (full 3):
 PSYoungGen      total 193024K, used 0K [0x00000000e0000000, 0x00000000f0b00000, 0x0000000100000000)
  eden space 178176K, 0% used [0x00000000e0000000,0x00000000e0000000,0x00000000eae00000)
  from space 14848K, 0% used [0x00000000eae00000,0x00000000eae00000,0x00000000ebc80000)
  to   space 16896K, 0% used [0x00000000efa80000,0x00000000efa80000,0x00000000f0b00000)
 ParOldGen       total 116736K, used 37307K [0x00000000a0000000, 0x00000000a7200000, 0x00000000e0000000)
  object space 116736K, 31% used [0x00000000a0000000,0x00000000a246eca8,0x00000000a7200000)
 Metaspace       used 57465K, capacity 59070K, committed 59096K, reserved 1099776K
  class space    used 7768K, capacity 8170K, committed 8192K, reserved 1048576K
}
Event: 44.405 GC heap before
{Heap before GC invocations=15 (full 3):
 PSYoungGen      total 193024K, used 178176K [0x00000000e0000000, 0x00000000f0b00000, 0x0000000100000000)
  eden space 178176K, 100% used [0x00000000e0000000,0x00000000eae00000,0x00000000eae00000)
  from space 14848K, 0% used [0x00000000eae00000,0x00000000eae00000,0x00000000ebc80000)
  to   space 16896K, 0% used [0x00000000efa80000,0x00000000efa80000,0x00000000f0b00000)
 ParOldGen       total 116736K, used 37307K [0x00000000a0000000, 0x00000000a7200000, 0x00000000e0000000)
  object space 116736K, 31% used [0x00000000a0000000,0x00000000a246eca8,0x00000000a7200000)
 Metaspace       used 62639K, capacity 64674K, committed 64984K, reserved 1105920K
  class space    used 8416K, capacity 8870K, committed 8960K, reserved 1048576K
Event: 44.435 GC heap after
Heap after GC invocations=15 (full 3):
 PSYoungGen      total 222208K, used 15302K [0x00000000e0000000, 0x00000000f0980000, 0x0000000100000000)
  eden space 206848K, 0% used [0x00000000e0000000,0x00000000e0000000,0x00000000eca00000)
  from space 15360K, 99% used [0x00000000efa80000,0x00000000f0971988,0x00000000f0980000)
  to   space 18432K, 0% used [0x00000000ee580000,0x00000000ee580000,0x00000000ef780000)
 ParOldGen       total 116736K, used 37315K [0x00000000a0000000, 0x00000000a7200000, 0x00000000e0000000)
  object space 116736K, 31% used [0x00000000a0000000,0x00000000a2470ca8,0x00000000a7200000)
 Metaspace       used 62639K, capacity 64674K, committed 64984K, reserved 1105920K
  class space    used 8416K, capacity 8870K, committed 8960K, reserved 1048576K
}
Event: 129.589 GC heap before
{Heap before GC invocations=16 (full 3):
 PSYoungGen      total 222208K, used 222150K [0x00000000e0000000, 0x00000000f0980000, 0x0000000100000000)
  eden space 206848K, 100% used [0x00000000e0000000,0x00000000eca00000,0x00000000eca00000)
  from space 15360K, 99% used [0x00000000efa80000,0x00000000f0971988,0x00000000f0980000)
  to   space 18432K, 0% used [0x00000000ee580000,0x00000000ee580000,0x00000000ef780000)
 ParOldGen       total 116736K, used 37315K [0x00000000a0000000, 0x00000000a7200000, 0x00000000e0000000)
  object space 116736K, 31% used [0x00000000a0000000,0x00000000a2470ca8,0x00000000a7200000)
 Metaspace       used 69992K, capacity 72124K, committed 72152K, reserved 1112064K
  class space    used 9188K, capacity 9705K, committed 9728K, reserved 1048576K
Event: 129.701 GC heap after
Heap after GC invocations=16 (full 3):
 PSYoungGen      total 252928K, used 18416K [0x00000000e0000000, 0x00000000f1600000, 0x0000000100000000)
  eden space 234496K, 0% used [0x00000000e0000000,0x00000000e0000000,0x00000000ee500000)
  from space 18432K, 99% used [0x00000000ee580000,0x00000000ef77c040,0x00000000ef780000)
  to   space 25088K, 0% used [0x00000000efd80000,0x00000000efd80000,0x00000000f1600000)
 ParOldGen       total 116736K, used 49173K [0x00000000a0000000, 0x00000000a7200000, 0x00000000e0000000)
  object space 116736K, 42% used [0x00000000a0000000,0x00000000a3005658,0x00000000a7200000)
 Metaspace       used 69992K, capacity 72124K, committed 72152K, reserved 1112064K
  class space    used 9188K, capacity 9705K, committed 9728K, reserved 1048576K
}
Event: 254.482 GC heap before
{Heap before GC invocations=17 (full 3):
 PSYoungGen      total 252928K, used 252912K [0x00000000e0000000, 0x00000000f1600000, 0x0000000100000000)
  eden space 234496K, 100% used [0x00000000e0000000,0x00000000ee500000,0x00000000ee500000)
  from space 18432K, 99% used [0x00000000ee580000,0x00000000ef77c040,0x00000000ef780000)
  to   space 25088K, 0% used [0x00000000efd80000,0x00000000efd80000,0x00000000f1600000)
 ParOldGen       total 116736K, used 49173K [0x00000000a0000000, 0x00000000a7200000, 0x00000000e0000000)
  object space 116736K, 42% used [0x00000000a0000000,0x00000000a3005658,0x00000000a7200000)
 Metaspace       used 70902K, capacity 73212K, committed 73304K, reserved 1112064K
  class space    used 9251K, capacity 9783K, committed 9856K, reserved 1048576K
Event: 254.545 GC heap after
Heap after GC invocations=17 (full 3):
 PSYoungGen      total 260096K, used 8149K [0x00000000e0000000, 0x00000000f2d80000, 0x0000000100000000)
  eden space 235008K, 0% used [0x00000000e0000000,0x00000000e0000000,0x00000000ee580000)
  from space 25088K, 32% used [0x00000000efd80000,0x00000000f05757b0,0x00000000f1600000)
  to   space 24576K, 0% used [0x00000000ee580000,0x00000000ee580000,0x00000000efd80000)
 ParOldGen       total 116736K, used 66651K [0x00000000a0000000, 0x00000000a7200000, 0x00000000e0000000)
  object space 116736K, 57% used [0x00000000a0000000,0x00000000a4116ea8,0x00000000a7200000)
 Metaspace       used 70902K, capacity 73212K, committed 73304K, reserved 1112064K
  class space    used 9251K, capacity 9783K, committed 9856K, reserved 1048576K
}
Event: 264.015 GC heap before
{Heap before GC invocations=18 (full 3):
 PSYoungGen      total 260096K, used 243157K [0x00000000e0000000, 0x00000000f2d80000, 0x0000000100000000)
  eden space 235008K, 100% used [0x00000000e0000000,0x00000000ee580000,0x00000000ee580000)
  from space 25088K, 32% used [0x00000000efd80000,0x00000000f05757b0,0x00000000f1600000)
  to   space 24576K, 0% used [0x00000000ee580000,0x00000000ee580000,0x00000000efd80000)
 ParOldGen       total 116736K, used 66651K [0x00000000a0000000, 0x00000000a7200000, 0x00000000e0000000)
  object space 116736K, 57% used [0x00000000a0000000,0x00000000a4116ea8,0x00000000a7200000)
 Metaspace       used 75432K, capacity 77862K, committed 78168K, reserved 1118208K
  class space    used 9706K, capacity 10254K, committed 10368K, reserved 1048576K
Event: 264.055 GC heap after
Heap after GC invocations=18 (full 3):
 PSYoungGen      total 259584K, used 23047K [0x00000000e0000000, 0x00000000f3280000, 0x0000000100000000)
  eden space 235008K, 0% used [0x00000000e0000000,0x00000000e0000000,0x00000000ee580000)
  from space 24576K, 93% used [0x00000000ee580000,0x00000000efc01f38,0x00000000efd80000)
  to   space 27648K, 0% used [0x00000000f1780000,0x00000000f1780000,0x00000000f3280000)
 ParOldGen       total 116736K, used 66659K [0x00000000a0000000, 0x00000000a7200000, 0x00000000e0000000)
  object space 116736K, 57% used [0x00000000a0000000,0x00000000a4118ea8,0x00000000a7200000)
 Metaspace       used 75432K, capacity 77862K, committed 78168K, reserved 1118208K
  class space    used 9706K, capacity 10254K, committed 10368K, reserved 1048576K
}

