# JRE version: OpenJDK Runtime Environment (8.0_202-b03) (build 1.8.0_202-release-1483-b03)
# Java VM: OpenJDK 64-Bit Server VM (25.202-b03 mixed mode windows-amd64 compressed oops)
Heap:
 PSYoungGen      total 103424K, used 11267K [0x00000000d5d00000, 0x00000000ddc00000, 0x0000000100000000)
  eden space 87552K, 12% used [0x00000000d5d00000,0x00000000d6800c48,0x00000000db280000)
  from space 15872K, 0% used [0x00000000dc580000,0x00000000dc580000,0x00000000dd500000)
  to   space 19456K, 0% used [0x00000000db280000,0x00000000db280000,0x00000000dc580000)
 ParOldGen       total 67072K, used 56232K [0x0000000081600000, 0x0000000085780000, 0x00000000d5d00000)
  object space 67072K, 83% used [0x0000000081600000,0x0000000084cea1a0,0x0000000085780000)
 Metaspace       used 59804K, capacity 61030K, committed 61184K, reserved 1103872K
  class space    used 7253K, capacity 7555K, committed 7680K, reserved 1048576K
GC Heap History (10 events):
Event: 12.973 GC heap before
{Heap before GC invocations=9 (full 2):
 PSYoungGen      total 81920K, used 66560K [0x00000000d5d00000, 0x00000000dd580000, 0x0000000100000000)
  eden space 66560K, 100% used [0x00000000d5d00000,0x00000000d9e00000,0x00000000d9e00000)
  from space 15360K, 0% used [0x00000000dac80000,0x00000000dac80000,0x00000000dbb80000)
  to   space 14848K, 0% used [0x00000000d9e00000,0x00000000d9e00000,0x00000000dac80000)
 ParOldGen       total 67072K, used 17220K [0x0000000081600000, 0x0000000085780000, 0x00000000d5d00000)
  object space 67072K, 25% used [0x0000000081600000,0x00000000826d1388,0x0000000085780000)
 Metaspace       used 40624K, capacity 41292K, committed 41600K, reserved 1085440K
  class space    used 5078K, capacity 5246K, committed 5248K, reserved 1048576K
Event: 12.999 GC heap after
Heap after GC invocations=9 (full 2):
 PSYoungGen      total 81408K, used 13019K [0x00000000d5d00000, 0x00000000dd500000, 0x0000000100000000)
  eden space 66560K, 0% used [0x00000000d5d00000,0x00000000d5d00000,0x00000000d9e00000)
  from space 14848K, 87% used [0x00000000d9e00000,0x00000000daab6c40,0x00000000dac80000)
  to   space 15872K, 0% used [0x00000000dc580000,0x00000000dc580000,0x00000000dd500000)
 ParOldGen       total 67072K, used 17228K [0x0000000081600000, 0x0000000085780000, 0x00000000d5d00000)
  object space 67072K, 25% used [0x0000000081600000,0x00000000826d3388,0x0000000085780000)
 Metaspace       used 40624K, capacity 41292K, committed 41600K, reserved 1085440K
  class space    used 5078K, capacity 5246K, committed 5248K, reserved 1048576K
}
Event: 15.414 GC heap before
{Heap before GC invocations=10 (full 2):
 PSYoungGen      total 81408K, used 79579K [0x00000000d5d00000, 0x00000000dd500000, 0x0000000100000000)
  eden space 66560K, 100% used [0x00000000d5d00000,0x00000000d9e00000,0x00000000d9e00000)
  from space 14848K, 87% used [0x00000000d9e00000,0x00000000daab6c40,0x00000000dac80000)
  to   space 15872K, 0% used [0x00000000dc580000,0x00000000dc580000,0x00000000dd500000)
 ParOldGen       total 67072K, used 17228K [0x0000000081600000, 0x0000000085780000, 0x00000000d5d00000)
  object space 67072K, 25% used [0x0000000081600000,0x00000000826d3388,0x0000000085780000)
 Metaspace       used 46126K, capacity 46916K, committed 47232K, reserved 1091584K
  class space    used 5731K, capacity 5952K, committed 6016K, reserved 1048576K
Event: 15.445 GC heap after
Heap after GC invocations=10 (full 2):
 PSYoungGen      total 103424K, used 15853K [0x00000000d5d00000, 0x00000000ddc00000, 0x0000000100000000)
  eden space 87552K, 0% used [0x00000000d5d00000,0x00000000d5d00000,0x00000000db280000)
  from space 15872K, 99% used [0x00000000dc580000,0x00000000dd4fb698,0x00000000dd500000)
  to   space 19456K, 0% used [0x00000000db280000,0x00000000db280000,0x00000000dc580000)
 ParOldGen       total 67072K, used 21338K [0x0000000081600000, 0x0000000085780000, 0x00000000d5d00000)
  object space 67072K, 31% used [0x0000000081600000,0x0000000082ad6840,0x0000000085780000)
 Metaspace       used 46126K, capacity 46916K, committed 47232K, reserved 1091584K
  class space    used 5731K, capacity 5952K, committed 6016K, reserved 1048576K
}
Event: 19.473 GC heap before
{Heap before GC invocations=11 (full 2):
 PSYoungGen      total 103424K, used 103405K [0x00000000d5d00000, 0x00000000ddc00000, 0x0000000100000000)
  eden space 87552K, 100% used [0x00000000d5d00000,0x00000000db280000,0x00000000db280000)
  from space 15872K, 99% used [0x00000000dc580000,0x00000000dd4fb698,0x00000000dd500000)
  to   space 19456K, 0% used [0x00000000db280000,0x00000000db280000,0x00000000dc580000)
 ParOldGen       total 67072K, used 21338K [0x0000000081600000, 0x0000000085780000, 0x00000000d5d00000)
  object space 67072K, 31% used [0x0000000081600000,0x0000000082ad6840,0x0000000085780000)
 Metaspace       used 52953K, capacity 54010K, committed 54272K, reserved 1097728K
  class space    used 6567K, capacity 6853K, committed 6912K, reserved 1048576K
Event: 19.521 GC heap after
Heap after GC invocations=11 (full 2):
 PSYoungGen      total 107008K, used 19451K [0x00000000d5d00000, 0x00000000ddc00000, 0x0000000100000000)
  eden space 87552K, 0% used [0x00000000d5d00000,0x00000000d5d00000,0x00000000db280000)
  from space 19456K, 99% used [0x00000000db280000,0x00000000dc57ee50,0x00000000dc580000)
  to   space 15872K, 0% used [0x00000000dc580000,0x00000000dc580000,0x00000000dd500000)
 ParOldGen       total 67072K, used 36667K [0x0000000081600000, 0x0000000085780000, 0x00000000d5d00000)
  object space 67072K, 54% used [0x0000000081600000,0x00000000839cef18,0x0000000085780000)
 Metaspace       used 52953K, capacity 54010K, committed 54272K, reserved 1097728K
  class space    used 6567K, capacity 6853K, committed 6912K, reserved 1048576K
}
Event: 21.617 GC heap before
{Heap before GC invocations=12 (full 2):
 PSYoungGen      total 107008K, used 70317K [0x00000000d5d00000, 0x00000000ddc00000, 0x0000000100000000)
  eden space 87552K, 58% used [0x00000000d5d00000,0x00000000d8eac620,0x00000000db280000)
  from space 19456K, 99% used [0x00000000db280000,0x00000000dc57ee50,0x00000000dc580000)
  to   space 15872K, 0% used [0x00000000dc580000,0x00000000dc580000,0x00000000dd500000)
 ParOldGen       total 67072K, used 36667K [0x0000000081600000, 0x0000000085780000, 0x00000000d5d00000)
  object space 67072K, 54% used [0x0000000081600000,0x00000000839cef18,0x0000000085780000)
 Metaspace       used 57922K, capacity 59008K, committed 59136K, reserved 1101824K
  class space    used 7052K, capacity 7340K, committed 7424K, reserved 1048576K
Event: 21.656 GC heap after
Heap after GC invocations=12 (full 2):
 PSYoungGen      total 103424K, used 15867K [0x00000000d5d00000, 0x00000000ddc00000, 0x0000000100000000)
  eden space 87552K, 0% used [0x00000000d5d00000,0x00000000d5d00000,0x00000000db280000)
  from space 15872K, 99% used [0x00000000dc580000,0x00000000dd4feca8,0x00000000dd500000)
  to   space 19456K, 0% used [0x00000000db280000,0x00000000db280000,0x00000000dc580000)
 ParOldGen       total 67072K, used 48050K [0x0000000081600000, 0x0000000085780000, 0x00000000d5d00000)
  object space 67072K, 71% used [0x0000000081600000,0x00000000844ec958,0x0000000085780000)
 Metaspace       used 57922K, capacity 59008K, committed 59136K, reserved 1101824K
  class space    used 7052K, capacity 7340K, committed 7424K, reserved 1048576K
}
Event: 21.656 GC heap before
{Heap before GC invocations=13 (full 3):
 PSYoungGen      total 103424K, used 15867K [0x00000000d5d00000, 0x00000000ddc00000, 0x0000000100000000)
  eden space 87552K, 0% used [0x00000000d5d00000,0x00000000d5d00000,0x00000000db280000)
  from space 15872K, 99% used [0x00000000dc580000,0x00000000dd4feca8,0x00000000dd500000)
  to   space 19456K, 0% used [0x00000000db280000,0x00000000db280000,0x00000000dc580000)
 ParOldGen       total 67072K, used 48050K [0x0000000081600000, 0x0000000085780000, 0x00000000d5d00000)
  object space 67072K, 71% used [0x0000000081600000,0x00000000844ec958,0x0000000085780000)
 Metaspace       used 57922K, capacity 59008K, committed 59136K, reserved 1101824K
  class space    used 7052K, capacity 7340K, committed 7424K, reserved 1048576K
Event: 22.126 GC heap after
Heap after GC invocations=13 (full 3):
 PSYoungGen      total 103424K, used 0K [0x00000000d5d00000, 0x00000000ddc00000, 0x0000000100000000)
  eden space 87552K, 0% used [0x00000000d5d00000,0x00000000d5d00000,0x00000000db280000)
  from space 15872K, 0% used [0x00000000dc580000,0x00000000dc580000,0x00000000dd500000)
  to   space 19456K, 0% used [0x00000000db280000,0x00000000db280000,0x00000000dc580000)
 ParOldGen       total 67072K, used 56232K [0x0000000081600000, 0x0000000085780000, 0x00000000d5d00000)
  object space 67072K, 83% used [0x0000000081600000,0x0000000084cea1a0,0x0000000085780000)
 Metaspace       used 57922K, capacity 59008K, committed 59136K, reserved 1101824K
  class space    used 7052K, capacity 7340K, committed 7424K, reserved 1048576K
}

