# JRE version: OpenJDK Runtime Environment (8.0_202-b03) (build 1.8.0_202-release-1483-b03)
# Java VM: OpenJDK 64-Bit Server VM (25.202-b03 mixed mode windows-amd64 compressed oops)
Heap:
 PSYoungGen      total 82432K, used 31064K [0x00000000d5d00000, 0x00000000dd400000, 0x0000000100000000)
  eden space 67072K, 46% used [0x00000000d5d00000,0x00000000d7b563f8,0x00000000d9e80000)
  from space 15360K, 0% used [0x00000000dad80000,0x00000000dad80000,0x00000000dbc80000)
  to   space 15360K, 0% used [0x00000000d9e80000,0x00000000d9e80000,0x00000000dad80000)
 ParOldGen       total 111616K, used 15454K [0x0000000081600000, 0x0000000088300000, 0x00000000d5d00000)
  object space 111616K, 13% used [0x0000000081600000,0x0000000082517aa8,0x0000000088300000)
 Metaspace       used 36263K, capacity 36846K, committed 37120K, reserved 1081344K
  class space    used 4629K, capacity 4805K, committed 4864K, reserved 1048576K
GC Heap History (10 events):
Event: 2.352 GC heap before
{Heap before GC invocations=4 (full 1):
 PSYoungGen      total 38400K, used 5104K [0x00000000d5d00000, 0x00000000da800000, 0x0000000100000000)
  eden space 33280K, 0% used [0x00000000d5d00000,0x00000000d5d00000,0x00000000d7d80000)
  from space 5120K, 99% used [0x00000000d7d80000,0x00000000d827c330,0x00000000d8280000)
  to   space 5120K, 0% used [0x00000000da300000,0x00000000da300000,0x00000000da800000)
 ParOldGen       total 87552K, used 11226K [0x0000000081600000, 0x0000000086b80000, 0x00000000d5d00000)
  object space 87552K, 12% used [0x0000000081600000,0x00000000820f6b48,0x0000000086b80000)
 Metaspace       used 20727K, capacity 21164K, committed 21296K, reserved 1067008K
  class space    used 2713K, capacity 2872K, committed 2944K, reserved 1048576K
Event: 2.406 GC heap after
Heap after GC invocations=4 (full 1):
 PSYoungGen      total 38400K, used 0K [0x00000000d5d00000, 0x00000000da800000, 0x0000000100000000)
  eden space 33280K, 0% used [0x00000000d5d00000,0x00000000d5d00000,0x00000000d7d80000)
  from space 5120K, 0% used [0x00000000d7d80000,0x00000000d7d80000,0x00000000d8280000)
  to   space 5120K, 0% used [0x00000000da300000,0x00000000da300000,0x00000000da800000)
 ParOldGen       total 66560K, used 8398K [0x0000000081600000, 0x0000000085700000, 0x00000000d5d00000)
  object space 66560K, 12% used [0x0000000081600000,0x0000000081e338f0,0x0000000085700000)
 Metaspace       used 20727K, capacity 21164K, committed 21296K, reserved 1067008K
  class space    used 2713K, capacity 2872K, committed 2944K, reserved 1048576K
}
Event: 3.239 GC heap before
{Heap before GC invocations=5 (full 1):
 PSYoungGen      total 38400K, used 33280K [0x00000000d5d00000, 0x00000000da800000, 0x0000000100000000)
  eden space 33280K, 100% used [0x00000000d5d00000,0x00000000d7d80000,0x00000000d7d80000)
  from space 5120K, 0% used [0x00000000d7d80000,0x00000000d7d80000,0x00000000d8280000)
  to   space 5120K, 0% used [0x00000000da300000,0x00000000da300000,0x00000000da800000)
 ParOldGen       total 66560K, used 8398K [0x0000000081600000, 0x0000000085700000, 0x00000000d5d00000)
  object space 66560K, 12% used [0x0000000081600000,0x0000000081e338f0,0x0000000085700000)
 Metaspace       used 24765K, capacity 25248K, committed 25472K, reserved 1071104K
  class space    used 3229K, capacity 3341K, committed 3456K, reserved 1048576K
Event: 3.251 GC heap after
Heap after GC invocations=5 (full 1):
 PSYoungGen      total 52224K, used 5116K [0x00000000d5d00000, 0x00000000da800000, 0x0000000100000000)
  eden space 47104K, 0% used [0x00000000d5d00000,0x00000000d5d00000,0x00000000d8b00000)
  from space 5120K, 99% used [0x00000000da300000,0x00000000da7ff150,0x00000000da800000)
  to   space 5120K, 0% used [0x00000000d9e00000,0x00000000d9e00000,0x00000000da300000)
 ParOldGen       total 66560K, used 10749K [0x0000000081600000, 0x0000000085700000, 0x00000000d5d00000)
  object space 66560K, 16% used [0x0000000081600000,0x000000008207f528,0x0000000085700000)
 Metaspace       used 24765K, capacity 25248K, committed 25472K, reserved 1071104K
  class space    used 3229K, capacity 3341K, committed 3456K, reserved 1048576K
}
Event: 4.456 GC heap before
{Heap before GC invocations=6 (full 1):
 PSYoungGen      total 52224K, used 52220K [0x00000000d5d00000, 0x00000000da800000, 0x0000000100000000)
  eden space 47104K, 100% used [0x00000000d5d00000,0x00000000d8b00000,0x00000000d8b00000)
  from space 5120K, 99% used [0x00000000da300000,0x00000000da7ff150,0x00000000da800000)
  to   space 5120K, 0% used [0x00000000d9e00000,0x00000000d9e00000,0x00000000da300000)
 ParOldGen       total 66560K, used 10749K [0x0000000081600000, 0x0000000085700000, 0x00000000d5d00000)
  object space 66560K, 16% used [0x0000000081600000,0x000000008207f528,0x0000000085700000)
 Metaspace       used 31837K, capacity 32386K, committed 32768K, reserved 1077248K
  class space    used 4086K, capacity 4253K, committed 4352K, reserved 1048576K
Event: 4.480 GC heap after
Heap after GC invocations=6 (full 1):
 PSYoungGen      total 71680K, used 5090K [0x00000000d5d00000, 0x00000000dbc80000, 0x0000000100000000)
  eden space 66560K, 0% used [0x00000000d5d00000,0x00000000d5d00000,0x00000000d9e00000)
  from space 5120K, 99% used [0x00000000d9e00000,0x00000000da2f8918,0x00000000da300000)
  to   space 15360K, 0% used [0x00000000dad80000,0x00000000dad80000,0x00000000dbc80000)
 ParOldGen       total 66560K, used 21518K [0x0000000081600000, 0x0000000085700000, 0x00000000d5d00000)
  object space 66560K, 32% used [0x0000000081600000,0x0000000082b038a0,0x0000000085700000)
 Metaspace       used 31837K, capacity 32386K, committed 32768K, reserved 1077248K
  class space    used 4086K, capacity 4253K, committed 4352K, reserved 1048576K
}
Event: 7.689 GC heap before
{Heap before GC invocations=7 (full 1):
 PSYoungGen      total 71680K, used 18346K [0x00000000d5d00000, 0x00000000dbc80000, 0x0000000100000000)
  eden space 66560K, 19% used [0x00000000d5d00000,0x00000000d69f2190,0x00000000d9e00000)
  from space 5120K, 99% used [0x00000000d9e00000,0x00000000da2f8918,0x00000000da300000)
  to   space 15360K, 0% used [0x00000000dad80000,0x00000000dad80000,0x00000000dbc80000)
 ParOldGen       total 66560K, used 21518K [0x0000000081600000, 0x0000000085700000, 0x00000000d5d00000)
  object space 66560K, 32% used [0x0000000081600000,0x0000000082b038a0,0x0000000085700000)
 Metaspace       used 34735K, capacity 35246K, committed 35456K, reserved 1079296K
  class space    used 4492K, capacity 4677K, committed 4736K, reserved 1048576K
Event: 7.700 GC heap after
Heap after GC invocations=7 (full 1):
 PSYoungGen      total 82432K, used 6702K [0x00000000d5d00000, 0x00000000dd400000, 0x0000000100000000)
  eden space 67072K, 0% used [0x00000000d5d00000,0x00000000d5d00000,0x00000000d9e80000)
  from space 15360K, 43% used [0x00000000dad80000,0x00000000db40b9a0,0x00000000dbc80000)
  to   space 15360K, 0% used [0x00000000d9e80000,0x00000000d9e80000,0x00000000dad80000)
 ParOldGen       total 66560K, used 21518K [0x0000000081600000, 0x0000000085700000, 0x00000000d5d00000)
  object space 66560K, 32% used [0x0000000081600000,0x0000000082b038a0,0x0000000085700000)
 Metaspace       used 34735K, capacity 35246K, committed 35456K, reserved 1079296K
  class space    used 4492K, capacity 4677K, committed 4736K, reserved 1048576K
}
Event: 7.700 GC heap before
{Heap before GC invocations=8 (full 2):
 PSYoungGen      total 82432K, used 6702K [0x00000000d5d00000, 0x00000000dd400000, 0x0000000100000000)
  eden space 67072K, 0% used [0x00000000d5d00000,0x00000000d5d00000,0x00000000d9e80000)
  from space 15360K, 43% used [0x00000000dad80000,0x00000000db40b9a0,0x00000000dbc80000)
  to   space 15360K, 0% used [0x00000000d9e80000,0x00000000d9e80000,0x00000000dad80000)
 ParOldGen       total 66560K, used 21518K [0x0000000081600000, 0x0000000085700000, 0x00000000d5d00000)
  object space 66560K, 32% used [0x0000000081600000,0x0000000082b038a0,0x0000000085700000)
 Metaspace       used 34735K, capacity 35246K, committed 35456K, reserved 1079296K
  class space    used 4492K, capacity 4677K, committed 4736K, reserved 1048576K
Event: 7.826 GC heap after
Heap after GC invocations=8 (full 2):
 PSYoungGen      total 82432K, used 0K [0x00000000d5d00000, 0x00000000dd400000, 0x0000000100000000)
  eden space 67072K, 0% used [0x00000000d5d00000,0x00000000d5d00000,0x00000000d9e80000)
  from space 15360K, 0% used [0x00000000dad80000,0x00000000dad80000,0x00000000dbc80000)
  to   space 15360K, 0% used [0x00000000d9e80000,0x00000000d9e80000,0x00000000dad80000)
 ParOldGen       total 111616K, used 15454K [0x0000000081600000, 0x0000000088300000, 0x00000000d5d00000)
  object space 111616K, 13% used [0x0000000081600000,0x0000000082517aa8,0x0000000088300000)
 Metaspace       used 34735K, capacity 35246K, committed 35456K, reserved 1079296K
  class space    used 4492K, capacity 4677K, committed 4736K, reserved 1048576K
}

