# JRE version: OpenJDK Runtime Environment (8.0_202-b03) (build 1.8.0_202-release-1483-b03)
# Java VM: OpenJDK 64-Bit Server VM (25.202-b03 mixed mode windows-amd64 compressed oops)
Heap:
 PSYoungGen      total 70144K, used 6551K [0x00000000d5d00000, 0x00000000db980000, 0x0000000100000000)
  eden space 65024K, 2% used [0x00000000d5d00000,0x00000000d5e6d3b8,0x00000000d9c80000)
  from space 5120K, 99% used [0x00000000d9e00000,0x00000000da2f8918,0x00000000da300000)
  to   space 14848K, 0% used [0x00000000dab00000,0x00000000dab00000,0x00000000db980000)
 ParOldGen       total 67584K, used 21308K [0x0000000081600000, 0x0000000085800000, 0x00000000d5d00000)
  object space 67584K, 31% used [0x0000000081600000,0x0000000082acf310,0x0000000085800000)
 Metaspace       used 31891K, capacity 32392K, committed 32768K, reserved 1077248K
  class space    used 4093K, capacity 4254K, committed 4352K, reserved 1048576K
GC Heap History (10 events):
Event: 1.995 GC heap before
{Heap before GC invocations=2 (full 0):
 PSYoungGen      total 38400K, used 38381K [0x00000000d5d00000, 0x00000000d8780000, 0x0000000100000000)
  eden space 33280K, 100% used [0x00000000d5d00000,0x00000000d7d80000,0x00000000d7d80000)
  from space 5120K, 99% used [0x00000000d7d80000,0x00000000d827b698,0x00000000d8280000)
  to   space 5120K, 0% used [0x00000000d8280000,0x00000000d8280000,0x00000000d8780000)
 ParOldGen       total 87552K, used 2693K [0x0000000081600000, 0x0000000086b80000, 0x00000000d5d00000)
  object space 87552K, 3% used [0x0000000081600000,0x00000000818a17a0,0x0000000086b80000)
 Metaspace       used 16208K, capacity 16592K, committed 16640K, reserved 1064960K
  class space    used 1903K, capacity 2026K, committed 2048K, reserved 1048576K
Event: 2.008 GC heap after
Heap after GC invocations=2 (full 0):
 PSYoungGen      total 38400K, used 5115K [0x00000000d5d00000, 0x00000000da800000, 0x0000000100000000)
  eden space 33280K, 0% used [0x00000000d5d00000,0x00000000d5d00000,0x00000000d7d80000)
  from space 5120K, 99% used [0x00000000d8280000,0x00000000d877ee40,0x00000000d8780000)
  to   space 5120K, 0% used [0x00000000d7d80000,0x00000000d7d80000,0x00000000d8280000)
 ParOldGen       total 87552K, used 7676K [0x0000000081600000, 0x0000000086b80000, 0x00000000d5d00000)
  object space 87552K, 8% used [0x0000000081600000,0x0000000081d7f350,0x0000000086b80000)
 Metaspace       used 16208K, capacity 16592K, committed 16640K, reserved 1064960K
  class space    used 1903K, capacity 2026K, committed 2048K, reserved 1048576K
}
Event: 2.495 GC heap before
{Heap before GC invocations=3 (full 0):
 PSYoungGen      total 38400K, used 20528K [0x00000000d5d00000, 0x00000000da800000, 0x0000000100000000)
  eden space 33280K, 46% used [0x00000000d5d00000,0x00000000d6c0d550,0x00000000d7d80000)
  from space 5120K, 99% used [0x00000000d8280000,0x00000000d877ee40,0x00000000d8780000)
  to   space 5120K, 0% used [0x00000000d7d80000,0x00000000d7d80000,0x00000000d8280000)
 ParOldGen       total 87552K, used 7676K [0x0000000081600000, 0x0000000086b80000, 0x00000000d5d00000)
  object space 87552K, 8% used [0x0000000081600000,0x0000000081d7f350,0x0000000086b80000)
 Metaspace       used 20753K, capacity 21172K, committed 21296K, reserved 1067008K
  class space    used 2711K, capacity 2872K, committed 2944K, reserved 1048576K
Event: 2.506 GC heap after
Heap after GC invocations=3 (full 0):
 PSYoungGen      total 38400K, used 5116K [0x00000000d5d00000, 0x00000000da800000, 0x0000000100000000)
  eden space 33280K, 0% used [0x00000000d5d00000,0x00000000d5d00000,0x00000000d7d80000)
  from space 5120K, 99% used [0x00000000d7d80000,0x00000000d827f020,0x00000000d8280000)
  to   space 5120K, 0% used [0x00000000da300000,0x00000000da300000,0x00000000da800000)
 ParOldGen       total 87552K, used 11179K [0x0000000081600000, 0x0000000086b80000, 0x00000000d5d00000)
  object space 87552K, 12% used [0x0000000081600000,0x00000000820eaf40,0x0000000086b80000)
 Metaspace       used 20753K, capacity 21172K, committed 21296K, reserved 1067008K
  class space    used 2711K, capacity 2872K, committed 2944K, reserved 1048576K
}
Event: 2.506 GC heap before
{Heap before GC invocations=4 (full 1):
 PSYoungGen      total 38400K, used 5116K [0x00000000d5d00000, 0x00000000da800000, 0x0000000100000000)
  eden space 33280K, 0% used [0x00000000d5d00000,0x00000000d5d00000,0x00000000d7d80000)
  from space 5120K, 99% used [0x00000000d7d80000,0x00000000d827f020,0x00000000d8280000)
  to   space 5120K, 0% used [0x00000000da300000,0x00000000da300000,0x00000000da800000)
 ParOldGen       total 87552K, used 11179K [0x0000000081600000, 0x0000000086b80000, 0x00000000d5d00000)
  object space 87552K, 12% used [0x0000000081600000,0x00000000820eaf40,0x0000000086b80000)
 Metaspace       used 20753K, capacity 21172K, committed 21296K, reserved 1067008K
  class space    used 2711K, capacity 2872K, committed 2944K, reserved 1048576K
Event: 2.565 GC heap after
Heap after GC invocations=4 (full 1):
 PSYoungGen      total 38400K, used 0K [0x00000000d5d00000, 0x00000000da800000, 0x0000000100000000)
  eden space 33280K, 0% used [0x00000000d5d00000,0x00000000d5d00000,0x00000000d7d80000)
  from space 5120K, 0% used [0x00000000d7d80000,0x00000000d7d80000,0x00000000d8280000)
  to   space 5120K, 0% used [0x00000000da300000,0x00000000da300000,0x00000000da800000)
 ParOldGen       total 67584K, used 8480K [0x0000000081600000, 0x0000000085800000, 0x00000000d5d00000)
  object space 67584K, 12% used [0x0000000081600000,0x0000000081e48338,0x0000000085800000)
 Metaspace       used 20753K, capacity 21172K, committed 21296K, reserved 1067008K
  class space    used 2711K, capacity 2872K, committed 2944K, reserved 1048576K
}
Event: 3.446 GC heap before
{Heap before GC invocations=5 (full 1):
 PSYoungGen      total 38400K, used 33280K [0x00000000d5d00000, 0x00000000da800000, 0x0000000100000000)
  eden space 33280K, 100% used [0x00000000d5d00000,0x00000000d7d80000,0x00000000d7d80000)
  from space 5120K, 0% used [0x00000000d7d80000,0x00000000d7d80000,0x00000000d8280000)
  to   space 5120K, 0% used [0x00000000da300000,0x00000000da300000,0x00000000da800000)
 ParOldGen       total 67584K, used 8480K [0x0000000081600000, 0x0000000085800000, 0x00000000d5d00000)
  object space 67584K, 12% used [0x0000000081600000,0x0000000081e48338,0x0000000085800000)
 Metaspace       used 24822K, capacity 25346K, committed 25472K, reserved 1071104K
  class space    used 3256K, capacity 3414K, committed 3456K, reserved 1048576K
Event: 3.458 GC heap after
Heap after GC invocations=5 (full 1):
 PSYoungGen      total 51712K, used 5098K [0x00000000d5d00000, 0x00000000da800000, 0x0000000100000000)
  eden space 46592K, 0% used [0x00000000d5d00000,0x00000000d5d00000,0x00000000d8a80000)
  from space 5120K, 99% used [0x00000000da300000,0x00000000da7fa9a8,0x00000000da800000)
  to   space 5120K, 0% used [0x00000000d9e00000,0x00000000d9e00000,0x00000000da300000)
 ParOldGen       total 67584K, used 10856K [0x0000000081600000, 0x0000000085800000, 0x00000000d5d00000)
  object space 67584K, 16% used [0x0000000081600000,0x000000008209a0a0,0x0000000085800000)
 Metaspace       used 24822K, capacity 25346K, committed 25472K, reserved 1071104K
  class space    used 3256K, capacity 3414K, committed 3456K, reserved 1048576K
}
Event: 4.728 GC heap before
{Heap before GC invocations=6 (full 1):
 PSYoungGen      total 51712K, used 51690K [0x00000000d5d00000, 0x00000000da800000, 0x0000000100000000)
  eden space 46592K, 100% used [0x00000000d5d00000,0x00000000d8a80000,0x00000000d8a80000)
  from space 5120K, 99% used [0x00000000da300000,0x00000000da7fa9a8,0x00000000da800000)
  to   space 5120K, 0% used [0x00000000d9e00000,0x00000000d9e00000,0x00000000da300000)
 ParOldGen       total 67584K, used 10856K [0x0000000081600000, 0x0000000085800000, 0x00000000d5d00000)
  object space 67584K, 16% used [0x0000000081600000,0x000000008209a0a0,0x0000000085800000)
 Metaspace       used 31817K, capacity 32328K, committed 32768K, reserved 1077248K
  class space    used 4079K, capacity 4254K, committed 4352K, reserved 1048576K
Event: 4.749 GC heap after
Heap after GC invocations=6 (full 1):
 PSYoungGen      total 70144K, used 5090K [0x00000000d5d00000, 0x00000000db980000, 0x0000000100000000)
  eden space 65024K, 0% used [0x00000000d5d00000,0x00000000d5d00000,0x00000000d9c80000)
  from space 5120K, 99% used [0x00000000d9e00000,0x00000000da2f8918,0x00000000da300000)
  to   space 14848K, 0% used [0x00000000dab00000,0x00000000dab00000,0x00000000db980000)
 ParOldGen       total 67584K, used 21308K [0x0000000081600000, 0x0000000085800000, 0x00000000d5d00000)
  object space 67584K, 31% used [0x0000000081600000,0x0000000082acf310,0x0000000085800000)
 Metaspace       used 31817K, capacity 32328K, committed 32768K, reserved 1077248K
  class space    used 4079K, capacity 4254K, committed 4352K, reserved 1048576K
}

